app/build/outputs/logs/manifest-merger-debug-report.txt
-- Merging decision tree log ---
manifest
ADDED from src\main\AndroidManifest.xml:3:1-157:12
	package
		ADDED from src\main\AndroidManifest.xml:5:5-34
		INJECTED from src\main\AndroidManifest.xml
		INJECTED from src\main\AndroidManifest.xml
	android:versionName
		ADDED from src\main\AndroidManifest.xml:7:5-30
		INJECTED from src\main\AndroidManifest.xml
		INJECTED from src\main\AndroidManifest.xml
	xmlns:tools
		ADDED from src\main\AndroidManifest.xml:4:5-51
	android:versionCode
		ADDED from src\main\AndroidManifest.xml:6:5-28
		INJECTED from src\main\AndroidManifest.xml
		INJECTED from src\main\AndroidManifest.xml
	xmlns:android
		ADDED from src\main\AndroidManifest.xml:3:11-69
uses-sdk
ADDED from src\main\AndroidManifest.xml:9:5-11:41
MERGED from [com.android.support:appcompat-v7:25.3.0] AndroidManifest.xml:21:5-23:78
MERGED from [com.android.support:animated-vector-drawable:25.3.0] AndroidManifest.xml:20:5-44
MERGED from [com.android.support:support-vector-drawable:25.3.0] AndroidManifest.xml:20:5-43
MERGED from [com.journeyapps:zxing-android-embedded:2.0.1] AndroidManifest.xml:19:5-21:41
MERGED from [com.journeyapps:zxing-android-legacy:2.0.1] AndroidManifest.xml:20:5-22:41
MERGED from [com.journeyapps:zxing-android-integration:2.0.1] AndroidManifest.xml:5:5-7:41
MERGED from [com.google.android.gms:play-services:7.0.0] AndroidManifest.xml:18:5-42
MERGED from [com.google.android.gms:play-services-ads:7.0.0] AndroidManifest.xml:18:5-42
MERGED from [com.google.android.gms:play-services-analytics:7.0.0] AndroidManifest.xml:18:5-42
MERGED from [com.google.android.gms:play-services-appindexing:7.0.0] AndroidManifest.xml:18:5-42
MERGED from [com.google.android.gms:play-services-appstate:7.0.0] AndroidManifest.xml:18:5-42
MERGED from [com.google.android.gms:play-services-cast:7.0.0] AndroidManifest.xml:18:5-42
MERGED from [com.google.android.gms:play-services-fitness:7.0.0] AndroidManifest.xml:18:5-42
MERGED from [com.google.android.gms:play-services-games:7.0.0] AndroidManifest.xml:18:5-42
MERGED from [com.google.android.gms:play-services-drive:7.0.0] AndroidManifest.xml:18:5-42
MERGED from [com.google.android.gms:play-services-gcm:7.0.0] AndroidManifest.xml:18:5-42
MERGED from [com.google.android.gms:play-services-location:7.0.0] AndroidManifest.xml:18:5-42
MERGED from [com.google.android.gms:play-services-nearby:7.0.0] AndroidManifest.xml:18:5-42
MERGED from [com.google.android.gms:play-services-panorama:7.0.0] AndroidManifest.xml:18:5-42
MERGED from [com.google.android.gms:play-services-plus:7.0.0] AndroidManifest.xml:18:5-42
MERGED from [com.google.android.gms:play-services-safetynet:7.0.0] AndroidManifest.xml:18:5-42
MERGED from [com.google.android.gms:play-services-wallet:7.0.0] AndroidManifest.xml:18:5-42
MERGED from [com.google.android.gms:play-services-identity:7.0.0] AndroidManifest.xml:18:5-42
MERGED from [com.google.android.gms:play-services-maps:7.0.0] AndroidManifest.xml:18:5-42
MERGED from [com.google.android.gms:play-services-wearable:7.0.0] AndroidManifest.xml:18:5-42
MERGED from [com.google.android.gms:play-services-base:7.0.0] AndroidManifest.xml:18:5-42
MERGED from [com.android.support:support-v4:25.3.0] AndroidManifest.xml:21:5-23:54
MERGED from [com.android.support:support-fragment:25.3.0] AndroidManifest.xml:21:5-23:60
MERGED from [com.android.support:support-media-compat:25.3.0] AndroidManifest.xml:21:5-23:63
MERGED from [com.android.support:support-core-ui:25.3.0] AndroidManifest.xml:21:5-23:58
MERGED from [com.android.support:support-core-utils:25.3.0] AndroidManifest.xml:21:5-23:61
MERGED from [com.android.support:support-compat:25.3.0] AndroidManifest.xml:21:5-23:58
	tools:overrideLibrary
		ADDED from [com.android.support:appcompat-v7:25.3.0] AndroidManifest.xml:23:9-75
	android:targetSdkVersion
		ADDED from src\main\AndroidManifest.xml:11:9-38
		INJECTED from src\main\AndroidManifest.xml
		INJECTED from src\main\AndroidManifest.xml
	android:minSdkVersion
		ADDED from src\main\AndroidManifest.xml:10:9-34
		INJECTED from src\main\AndroidManifest.xml
		INJECTED from src\main\AndroidManifest.xml
permission#com.example.motoapp.permission.C2D_MESSAGE
ADDED from src\main\AndroidManifest.xml:13:5-15:47
	android:protectionLevel
		ADDED from src\main\AndroidManifest.xml:15:9-44
	android:name
		ADDED from src\main\AndroidManifest.xml:14:9-66
uses-permission#android.permission.ACCESS_FINE_LOCATION
ADDED from src\main\AndroidManifest.xml:17:5-79
	android:name
		ADDED from src\main\AndroidManifest.xml:17:22-76
uses-permission#android.permission.READ_PHONE_STATE
ADDED from src\main\AndroidManifest.xml:18:5-75
	android:name
		ADDED from src\main\AndroidManifest.xml:18:22-72
uses-permission#com.example.motoapp.permission.C2D_MESSAGE
ADDED from src\main\AndroidManifest.xml:19:5-82
	android:name
		ADDED from src\main\AndroidManifest.xml:19:22-79
uses-permission#android.permission.ACCESS_NETWORK_STATE
ADDED from src\main\AndroidManifest.xml:20:5-78
	android:name
		ADDED from src\main\AndroidManifest.xml:20:22-76
uses-permission#android.permission.INTERNET
ADDED from src\main\AndroidManifest.xml:24:5-67
	android:name
		ADDED from src\main\AndroidManifest.xml:24:22-64
uses-permission#com.google.android.c2dm.permission.RECEIVE
ADDED from src\main\AndroidManifest.xml:26:5-82
	android:name
		ADDED from src\main\AndroidManifest.xml:26:22-79
uses-permission#android.permission.GET_ACCOUNTS
ADDED from src\main\AndroidManifest.xml:29:5-91
	tools:node
		ADDED from src\main\AndroidManifest.xml:29:69-88
	android:name
		ADDED from src\main\AndroidManifest.xml:29:22-68
uses-permission#android.permission.WAKE_LOCK
ADDED from src\main\AndroidManifest.xml:32:5-68
	android:name
		ADDED from src\main\AndroidManifest.xml:32:22-65
uses-permission#android.permission.VIBRATE
ADDED from src\main\AndroidManifest.xml:34:5-66
MERGED from [com.journeyapps:zxing-android-embedded:2.0.1] AndroidManifest.xml:24:5-66
MERGED from [com.journeyapps:zxing-android-legacy:2.0.1] AndroidManifest.xml:25:5-66
	android:name
		ADDED from src\main\AndroidManifest.xml:34:22-63
uses-permission#android.permission.CAMERA
ADDED from src\main\AndroidManifest.xml:37:5-65
MERGED from [com.journeyapps:zxing-android-embedded:2.0.1] AndroidManifest.xml:23:5-65
MERGED from [com.journeyapps:zxing-android-legacy:2.0.1] AndroidManifest.xml:24:5-65
	android:name
		ADDED from src\main\AndroidManifest.xml:37:22-62
uses-feature#android.hardware.camera
ADDED from src\main\AndroidManifest.xml:39:5-60
MERGED from [com.journeyapps:zxing-android-embedded:2.0.1] AndroidManifest.xml:28:5-30:36
MERGED from [com.journeyapps:zxing-android-legacy:2.0.1] AndroidManifest.xml:29:5-31:36
	android:name
		ADDED from src\main\AndroidManifest.xml:39:19-57
uses-feature#android.hardware.camera.autofocus
ADDED from src\main\AndroidManifest.xml:40:5-70
MERGED from [com.journeyapps:zxing-android-embedded:2.0.1] AndroidManifest.xml:36:5-38:36
MERGED from [com.journeyapps:zxing-android-legacy:2.0.1] AndroidManifest.xml:37:5-39:36
	android:name
		ADDED from src\main\AndroidManifest.xml:40:19-67
uses-permission#android.permission.WRITE_EXTERNAL_STORAGE
ADDED from src\main\AndroidManifest.xml:42:5-81
	android:name
		ADDED from src\main\AndroidManifest.xml:42:22-78
uses-permission#android.permission.BLUETOOTH
ADDED from src\main\AndroidManifest.xml:43:5-68
	android:name
		ADDED from src\main\AndroidManifest.xml:43:22-65
uses-permission#android.permission.BLUETOOTH_ADMIN
ADDED from src\main\AndroidManifest.xml:44:5-74
	android:name
		ADDED from src\main\AndroidManifest.xml:44:22-71
uses-permission#android.permission.ACCESS_COARSE_LOCATION
ADDED from src\main\AndroidManifest.xml:46:5-80
	android:name
		ADDED from src\main\AndroidManifest.xml:46:22-78
uses-permission#android.permission.READ_EXTERNAL_STORAGE
ADDED from src\main\AndroidManifest.xml:48:5-80
	android:name
		ADDED from src\main\AndroidManifest.xml:48:22-77
uses-permission#android.permission.DEVICE_POWER
ADDED from src\main\AndroidManifest.xml:51:5-71
	android:name
		ADDED from src\main\AndroidManifest.xml:51:22-68
uses-permission#android.permission.DISABLE_KEYGUARD
ADDED from src\main\AndroidManifest.xml:52:5-75
	android:name
		ADDED from src\main\AndroidManifest.xml:52:22-72
application
ADDED from src\main\AndroidManifest.xml:55:5-155:19
MERGED from [com.android.support:appcompat-v7:25.3.0] AndroidManifest.xml:29:5-20
MERGED from [com.android.support:animated-vector-drawable:25.3.0] AndroidManifest.xml:26:5-20
MERGED from [com.android.support:support-vector-drawable:25.3.0] AndroidManifest.xml:26:5-20
MERGED from [com.journeyapps:zxing-android-embedded:2.0.1] AndroidManifest.xml:59:5-75:19
MERGED from [com.journeyapps:zxing-android-legacy:2.0.1] AndroidManifest.xml:60:5-75:19
MERGED from [com.journeyapps:zxing-android-integration:2.0.1] AndroidManifest.xml:9:5-10:19
MERGED from [com.google.android.gms:play-services:7.0.0] AndroidManifest.xml:19:5-20
MERGED from [com.google.android.gms:play-services-ads:7.0.0] AndroidManifest.xml:19:5-20
MERGED from [com.google.android.gms:play-services-analytics:7.0.0] AndroidManifest.xml:19:5-20
MERGED from [com.google.android.gms:play-services-appindexing:7.0.0] AndroidManifest.xml:19:5-20
MERGED from [com.google.android.gms:play-services-appstate:7.0.0] AndroidManifest.xml:19:5-20
MERGED from [com.google.android.gms:play-services-cast:7.0.0] AndroidManifest.xml:19:5-20
MERGED from [com.google.android.gms:play-services-fitness:7.0.0] AndroidManifest.xml:19:5-20
MERGED from [com.google.android.gms:play-services-games:7.0.0] AndroidManifest.xml:19:5-20
MERGED from [com.google.android.gms:play-services-drive:7.0.0] AndroidManifest.xml:19:5-20
MERGED from [com.google.android.gms:play-services-gcm:7.0.0] AndroidManifest.xml:19:5-20
MERGED from [com.google.android.gms:play-services-location:7.0.0] AndroidManifest.xml:19:5-20
MERGED from [com.google.android.gms:play-services-nearby:7.0.0] AndroidManifest.xml:19:5-20
MERGED from [com.google.android.gms:play-services-panorama:7.0.0] AndroidManifest.xml:19:5-20
MERGED from [com.google.android.gms:play-services-plus:7.0.0] AndroidManifest.xml:19:5-20
MERGED from [com.google.android.gms:play-services-safetynet:7.0.0] AndroidManifest.xml:19:5-20
MERGED from [com.google.android.gms:play-services-wallet:7.0.0] AndroidManifest.xml:19:5-20
MERGED from [com.google.android.gms:play-services-identity:7.0.0] AndroidManifest.xml:19:5-20
MERGED from [com.google.android.gms:play-services-maps:7.0.0] AndroidManifest.xml:19:5-20
MERGED from [com.google.android.gms:play-services-wearable:7.0.0] AndroidManifest.xml:19:5-20
MERGED from [com.google.android.gms:play-services-base:7.0.0] AndroidManifest.xml:20:5-24:19
MERGED from [com.android.support:support-v4:25.3.0] AndroidManifest.xml:29:5-20
MERGED from [com.android.support:support-fragment:25.3.0] AndroidManifest.xml:29:5-20
MERGED from [com.android.support:support-media-compat:25.3.0] AndroidManifest.xml:29:5-20
MERGED from [com.android.support:support-core-ui:25.3.0] AndroidManifest.xml:29:5-20
MERGED from [com.android.support:support-core-utils:25.3.0] AndroidManifest.xml:29:5-20
MERGED from [com.android.support:support-compat:25.3.0] AndroidManifest.xml:29:5-20
	android:label
		ADDED from src\main\AndroidManifest.xml:58:9-41
	android:allowBackup
		ADDED from src\main\AndroidManifest.xml:56:9-35
	android:icon
		ADDED from src\main\AndroidManifest.xml:57:9-43
	android:theme
		ADDED from src\main\AndroidManifest.xml:60:9-65
provider#android.support.v4.content.FileProvider
ADDED from src\main\AndroidManifest.xml:61:9-69:20
	android:authorities
		ADDED from src\main\AndroidManifest.xml:63:13-60
		INJECTED from src\main\AndroidManifest.xml
	android:grantUriPermissions
		ADDED from src\main\AndroidManifest.xml:65:13-47
	android:exported
		ADDED from src\main\AndroidManifest.xml:64:13-37
	android:name
		ADDED from src\main\AndroidManifest.xml:62:13-67
meta-data#android.support.FILE_PROVIDER_PATHS
ADDED from src\main\AndroidManifest.xml:66:13-68:57
	android:resource
		ADDED from src\main\AndroidManifest.xml:68:17-55
	android:name
		ADDED from src\main\AndroidManifest.xml:67:17-67
activity#com.example.motoapp.MainActivity
ADDED from src\main\AndroidManifest.xml:70:9-73:20
	android:label
		ADDED from src\main\AndroidManifest.xml:72:13-45
	android:name
		ADDED from src\main\AndroidManifest.xml:71:13-41
receiver#com.google.android.gcm.GCMBroadcastReceiver
ADDED from src\main\AndroidManifest.xml:76:9-85:20
	android:exported
		ADDED from src\main\AndroidManifest.xml:78:13-36
	android:permission
		ADDED from src\main\AndroidManifest.xml:79:13-73
	android:name
		ADDED from src\main\AndroidManifest.xml:77:13-71
intent-filter#com.example.motoapp.+com.google.android.c2dm.intent.RECEIVE+com.google.android.c2dm.intent.REGISTRATION
ADDED from src\main\AndroidManifest.xml:80:13-84:29
action#com.google.android.c2dm.intent.RECEIVE
ADDED from src\main\AndroidManifest.xml:81:17-81
	android:name
		ADDED from src\main\AndroidManifest.xml:81:25-78
action#com.google.android.c2dm.intent.REGISTRATION
ADDED from src\main\AndroidManifest.xml:82:17-86
	android:name
		ADDED from src\main\AndroidManifest.xml:82:25-83
category#com.example.motoapp.
ADDED from src\main\AndroidManifest.xml:83:17-65
	android:name
		ADDED from src\main\AndroidManifest.xml:83:27-62
service#com.example.motoapp.GCMIntentService
ADDED from src\main\AndroidManifest.xml:88:9-90:38
	android:enabled
		ADDED from src\main\AndroidManifest.xml:90:13-35
	android:name
		ADDED from src\main\AndroidManifest.xml:89:13-45
activity#com.example.motoapp.Login
ADDED from src\main\AndroidManifest.xml:92:9-102:20
	android:label
		ADDED from src\main\AndroidManifest.xml:94:13-57
	android:windowSoftInputMode
		ADDED from src\main\AndroidManifest.xml:95:13-54
	android:name
		ADDED from src\main\AndroidManifest.xml:93:13-34
intent-filter#android.intent.action.MAIN+android.intent.category.LAUNCHER
ADDED from src\main\AndroidManifest.xml:96:13-100:29
action#android.intent.action.MAIN
ADDED from src\main\AndroidManifest.xml:97:17-69
	android:name
		ADDED from src\main\AndroidManifest.xml:97:25-66
category#android.intent.category.LAUNCHER
ADDED from src\main\AndroidManifest.xml:99:17-77
	android:name
		ADDED from src\main\AndroidManifest.xml:99:27-74
activity#com.example.motoapp.Login1
ADDED from src\main\AndroidManifest.xml:103:9-106:20
	android:label
		ADDED from src\main\AndroidManifest.xml:105:13-58
	android:name
		ADDED from src\main\AndroidManifest.xml:104:13-35
activity#com.example.motoapp.HistoryFragment
ADDED from src\main\AndroidManifest.xml:107:9-112:20
	android:screenOrientation
		ADDED from src\main\AndroidManifest.xml:111:13-49
	android:label
		ADDED from src\main\AndroidManifest.xml:109:13-58
	android:windowSoftInputMode
		ADDED from src\main\AndroidManifest.xml:110:13-54
	android:name
		ADDED from src\main\AndroidManifest.xml:108:13-44
activity#com.example.motoapp.InOutFrg
ADDED from src\main\AndroidManifest.xml:113:9-118:20
	android:screenOrientation
		ADDED from src\main\AndroidManifest.xml:117:13-49
	android:label
		ADDED from src\main\AndroidManifest.xml:115:13-58
	android:windowSoftInputMode
		ADDED from src\main\AndroidManifest.xml:116:13-54
	android:name
		ADDED from src\main\AndroidManifest.xml:114:13-37
activity#com.example.motoapp.DataListFrg
ADDED from src\main\AndroidManifest.xml:119:9-125:20
	android:screenOrientation
		ADDED from src\main\AndroidManifest.xml:123:13-49
	android:label
		ADDED from src\main\AndroidManifest.xml:121:13-58
	android:windowSoftInputMode
		ADDED from src\main\AndroidManifest.xml:122:13-64
	android:name
		ADDED from src\main\AndroidManifest.xml:120:13-40
activity#com.example.motoapp.GetTaskFrg
ADDED from src\main\AndroidManifest.xml:126:9-131:20
	android:screenOrientation
		ADDED from src\main\AndroidManifest.xml:130:13-49
	android:label
		ADDED from src\main\AndroidManifest.xml:128:13-66
	android:windowSoftInputMode
		ADDED from src\main\AndroidManifest.xml:129:13-54
	android:name
		ADDED from src\main\AndroidManifest.xml:127:13-39
activity#com.example.motoapp.GCMActivity
ADDED from src\main\AndroidManifest.xml:132:9-141:20
	android:label
		ADDED from src\main\AndroidManifest.xml:134:13-55
	android:theme
		ADDED from src\main\AndroidManifest.xml:135:13-56
	android:name
		ADDED from src\main\AndroidManifest.xml:133:13-40
intent-filter#android.intent.category.DEFAULT+com.example.motoapp.MAIN
ADDED from src\main\AndroidManifest.xml:136:13-140:29
action#com.example.motoapp.MAIN
ADDED from src\main\AndroidManifest.xml:137:17-67
	android:name
		ADDED from src\main\AndroidManifest.xml:137:25-64
category#android.intent.category.DEFAULT
ADDED from src\main\AndroidManifest.xml:139:17-76
	android:name
		ADDED from src\main\AndroidManifest.xml:139:27-73
activity#com.example.motoapp.BluetoothChat
ADDED from src\main\AndroidManifest.xml:141:28-144:20
	android:theme
		ADDED from src\main\AndroidManifest.xml:143:13-56
	android:name
		ADDED from src\main\AndroidManifest.xml:142:13-41
activity#com.example.motoapp.DeviceListActivity
ADDED from src\main\AndroidManifest.xml:145:9-148:20
	android:theme
		ADDED from src\main\AndroidManifest.xml:147:13-56
	android:name
		ADDED from src\main\AndroidManifest.xml:146:13-46
service#com.example.motoapp.Delay
ADDED from src\main\AndroidManifest.xml:149:9-152:48
	android:enabled
		ADDED from src\main\AndroidManifest.xml:151:13-35
	android:exported
		ADDED from src\main\AndroidManifest.xml:152:13-36
	android:name
		ADDED from src\main\AndroidManifest.xml:150:13-34
meta-data#android.support.VERSION
ADDED from [com.android.support:appcompat-v7:25.3.0] AndroidManifest.xml:25:5-27:34
MERGED from [com.android.support:animated-vector-drawable:25.3.0] AndroidManifest.xml:22:5-24:34
MERGED from [com.android.support:support-vector-drawable:25.3.0] AndroidManifest.xml:22:5-24:34
MERGED from [com.android.support:support-v4:25.3.0] AndroidManifest.xml:25:5-27:34
MERGED from [com.android.support:support-fragment:25.3.0] AndroidManifest.xml:25:5-27:34
MERGED from [com.android.support:support-media-compat:25.3.0] AndroidManifest.xml:25:5-27:34
MERGED from [com.android.support:support-core-ui:25.3.0] AndroidManifest.xml:25:5-27:34
MERGED from [com.android.support:support-core-utils:25.3.0] AndroidManifest.xml:25:5-27:34
MERGED from [com.android.support:support-compat:25.3.0] AndroidManifest.xml:25:5-27:34
	android:value
		ADDED from [com.android.support:appcompat-v7:25.3.0] AndroidManifest.xml:27:9-31
	android:name
		ADDED from [com.android.support:appcompat-v7:25.3.0] AndroidManifest.xml:26:9-47
uses-permission#android.permission.FLASHLIGHT
ADDED from [com.journeyapps:zxing-android-embedded:2.0.1] AndroidManifest.xml:25:5-69
MERGED from [com.journeyapps:zxing-android-legacy:2.0.1] AndroidManifest.xml:26:5-69
	android:name
		ADDED from [com.journeyapps:zxing-android-embedded:2.0.1] AndroidManifest.xml:25:22-66
uses-feature#android.hardware.camera.front
ADDED from [com.journeyapps:zxing-android-embedded:2.0.1] AndroidManifest.xml:31:5-33:36
MERGED from [com.journeyapps:zxing-android-legacy:2.0.1] AndroidManifest.xml:32:5-34:36
	android:required
		ADDED from [com.journeyapps:zxing-android-embedded:2.0.1] AndroidManifest.xml:33:9-33
	android:name
		ADDED from [com.journeyapps:zxing-android-embedded:2.0.1] AndroidManifest.xml:32:9-53
uses-feature#android.hardware.camera.flash
ADDED from [com.journeyapps:zxing-android-embedded:2.0.1] AndroidManifest.xml:39:5-41:36
MERGED from [com.journeyapps:zxing-android-legacy:2.0.1] AndroidManifest.xml:40:5-42:36
	android:required
		ADDED from [com.journeyapps:zxing-android-embedded:2.0.1] AndroidManifest.xml:41:9-33
	android:name
		ADDED from [com.journeyapps:zxing-android-embedded:2.0.1] AndroidManifest.xml:40:9-53
uses-feature#android.hardware.screen.landscape
ADDED from [com.journeyapps:zxing-android-embedded:2.0.1] AndroidManifest.xml:42:5-44:36
MERGED from [com.journeyapps:zxing-android-legacy:2.0.1] AndroidManifest.xml:43:5-45:36
	android:required
		ADDED from [com.journeyapps:zxing-android-embedded:2.0.1] AndroidManifest.xml:44:9-33
	android:name
		ADDED from [com.journeyapps:zxing-android-embedded:2.0.1] AndroidManifest.xml:43:9-57
uses-feature#android.hardware.wifi
ADDED from [com.journeyapps:zxing-android-embedded:2.0.1] AndroidManifest.xml:45:5-47:36
MERGED from [com.journeyapps:zxing-android-legacy:2.0.1] AndroidManifest.xml:46:5-48:36
	android:required
		ADDED from [com.journeyapps:zxing-android-embedded:2.0.1] AndroidManifest.xml:47:9-33
	android:name
		ADDED from [com.journeyapps:zxing-android-embedded:2.0.1] AndroidManifest.xml:46:9-45
supports-screens
ADDED from [com.journeyapps:zxing-android-embedded:2.0.1] AndroidManifest.xml:52:5-57:40
MERGED from [com.journeyapps:zxing-android-legacy:2.0.1] AndroidManifest.xml:53:5-58:40
	android:largeScreens
		ADDED from [com.journeyapps:zxing-android-embedded:2.0.1] AndroidManifest.xml:54:9-36
	android:smallScreens
		ADDED from [com.journeyapps:zxing-android-embedded:2.0.1] AndroidManifest.xml:56:9-36
	android:normalScreens
		ADDED from [com.journeyapps:zxing-android-embedded:2.0.1] AndroidManifest.xml:55:9-37
	android:xlargeScreens
		ADDED from [com.journeyapps:zxing-android-embedded:2.0.1] AndroidManifest.xml:57:9-37
	android:anyDensity
		ADDED from [com.journeyapps:zxing-android-embedded:2.0.1] AndroidManifest.xml:53:9-34
activity#com.google.zxing.client.android.CaptureActivity
ADDED from [com.journeyapps:zxing-android-embedded:2.0.1] AndroidManifest.xml:60:9-66:63
	android:clearTaskOnLaunch
		ADDED from [com.journeyapps:zxing-android-embedded:2.0.1] AndroidManifest.xml:62:13-45
	android:screenOrientation
		ADDED from [com.journeyapps:zxing-android-embedded:2.0.1] AndroidManifest.xml:63:13-56
	android:stateNotNeeded
		ADDED from [com.journeyapps:zxing-android-embedded:2.0.1] AndroidManifest.xml:64:13-42
	android:windowSoftInputMode
		ADDED from [com.journeyapps:zxing-android-embedded:2.0.1] AndroidManifest.xml:66:13-60
	android:theme
		ADDED from [com.journeyapps:zxing-android-embedded:2.0.1] AndroidManifest.xml:65:13-54
	android:name
		ADDED from [com.journeyapps:zxing-android-embedded:2.0.1] AndroidManifest.xml:61:13-75
activity#com.google.zxing.client.android.HelpActivity
ADDED from [com.journeyapps:zxing-android-embedded:2.0.1] AndroidManifest.xml:67:9-71:45
	android:screenOrientation
		ADDED from [com.journeyapps:zxing-android-embedded:2.0.1] AndroidManifest.xml:70:13-45
	android:label
		ADDED from [com.journeyapps:zxing-android-embedded:2.0.1] AndroidManifest.xml:69:13-52
	android:stateNotNeeded
		ADDED from [com.journeyapps:zxing-android-embedded:2.0.1] AndroidManifest.xml:71:13-42
	android:name
		ADDED from [com.journeyapps:zxing-android-embedded:2.0.1] AndroidManifest.xml:68:13-72
activity#com.google.zxing.client.android.encode.EncodeActivity
ADDED from [com.journeyapps:zxing-android-embedded:2.0.1] AndroidManifest.xml:72:9-74:48
	android:screenOrientation
		ADDED from [com.journeyapps:zxing-android-embedded:2.0.1] AndroidManifest.xml:74:13-45
	android:name
		ADDED from [com.journeyapps:zxing-android-embedded:2.0.1] AndroidManifest.xml:73:13-81
activity#com.google.zxing.client.androidlegacy.CaptureActivity
ADDED from [com.journeyapps:zxing-android-legacy:2.0.1] AndroidManifest.xml:61:9-68:63
	android:clearTaskOnLaunch
		ADDED from [com.journeyapps:zxing-android-legacy:2.0.1] AndroidManifest.xml:63:13-45
	android:screenOrientation
		ADDED from [com.journeyapps:zxing-android-legacy:2.0.1] AndroidManifest.xml:65:13-50
	android:stateNotNeeded
		ADDED from [com.journeyapps:zxing-android-legacy:2.0.1] AndroidManifest.xml:66:13-42
	android:windowSoftInputMode
		ADDED from [com.journeyapps:zxing-android-legacy:2.0.1] AndroidManifest.xml:68:13-60
	android:configChanges
		ADDED from [com.journeyapps:zxing-android-legacy:2.0.1] AndroidManifest.xml:64:13-63
	android:theme
		ADDED from [com.journeyapps:zxing-android-legacy:2.0.1] AndroidManifest.xml:67:13-71
	android:name
		ADDED from [com.journeyapps:zxing-android-legacy:2.0.1] AndroidManifest.xml:62:13-81
activity#com.google.zxing.client.androidlegacy.HelpActivity
ADDED from [com.journeyapps:zxing-android-legacy:2.0.1] AndroidManifest.xml:69:9-71:48
	android:screenOrientation
		ADDED from [com.journeyapps:zxing-android-legacy:2.0.1] AndroidManifest.xml:71:13-45
	android:name
		ADDED from [com.journeyapps:zxing-android-legacy:2.0.1] AndroidManifest.xml:70:13-78
activity#com.google.zxing.client.androidlegacy.encode.EncodeActivity
ADDED from [com.journeyapps:zxing-android-legacy:2.0.1] AndroidManifest.xml:72:9-74:48
	android:screenOrientation
		ADDED from [com.journeyapps:zxing-android-legacy:2.0.1] AndroidManifest.xml:74:13-45
	android:name
		ADDED from [com.journeyapps:zxing-android-legacy:2.0.1] AndroidManifest.xml:73:13-87
meta-data#com.google.android.gms.version
ADDED from [com.google.android.gms:play-services-base:7.0.0] AndroidManifest.xml:21:9-23:69
	android:value
		ADDED from [com.google.android.gms:play-services-base:7.0.0] AndroidManifest.xml:23:13-66
	android:name
		ADDED from [com.google.android.gms:play-services-base:7.0.0] AndroidManifest.xml:22:13-58